<?xml version="1.0" encoding="UTF-8"?>
<!-- Generated by org.testng.reporters.JUnitXMLReporter -->
<testsuite hostname="SANTOSH-PC" name="Test" tests="3" failures="0" timestamp="12 Jul 2020 14:36:14 GMT" time="0.064" errors="0">
  <testcase name="m2" time="0.018" classname="com.santosh.JenkinsMavenProj.TestClass1"/>
  <testcase name="m1" time="0.002" classname="com.santosh.JenkinsMavenProj.TestClass2"/>
  <testcase name="test3" time="0.01" classname="com.santosh.JenkinsMavenProj.TestClass3"/>
</testsuite> <!-- Test -->
