<?xml version="1.0" encoding="UTF-8"?>
<testng-results skipped="0" failed="0" total="2" passed="2">
  <reporter-output>
  </reporter-output>
  <suite name="Default suite" duration-ms="21734" started-at="2020-10-10T08:55:42Z" finished-at="2020-10-10T08:56:04Z">
    <groups>
    </groups>
    <test name="Default test" duration-ms="21734" started-at="2020-10-10T08:55:42Z" finished-at="2020-10-10T08:56:04Z">
      <class name="com.santosh.JenkinsMavenProj.TestClass4">
        <test-method status="PASS" signature="setup()[pri:0, instance:com.santosh.JenkinsMavenProj.TestClass4@49fd9b]" name="setup" is-config="true" duration-ms="6561" started-at="2020-10-10T14:25:42Z" finished-at="2020-10-10T14:25:49Z">
          <reporter-output>
          </reporter-output>
        </test-method> <!-- setup -->
        <test-method status="PASS" signature="test41()[pri:0, instance:com.santosh.JenkinsMavenProj.TestClass4@49fd9b]" name="test41" duration-ms="4220" started-at="2020-10-10T14:25:49Z" finished-at="2020-10-10T14:25:53Z">
          <reporter-output>
          </reporter-output>
        </test-method> <!-- test41 -->
        <test-method status="PASS" signature="tearDown()[pri:0, instance:com.santosh.JenkinsMavenProj.TestClass4@49fd9b]" name="tearDown" is-config="true" duration-ms="759" started-at="2020-10-10T14:25:53Z" finished-at="2020-10-10T14:25:54Z">
          <reporter-output>
          </reporter-output>
        </test-method> <!-- tearDown -->
        <test-method status="PASS" signature="setup()[pri:0, instance:com.santosh.JenkinsMavenProj.TestClass4@49fd9b]" name="setup" is-config="true" duration-ms="3693" started-at="2020-10-10T14:25:54Z" finished-at="2020-10-10T14:25:58Z">
          <reporter-output>
          </reporter-output>
        </test-method> <!-- setup -->
        <test-method status="PASS" signature="test42()[pri:0, instance:com.santosh.JenkinsMavenProj.TestClass4@49fd9b]" name="test42" duration-ms="5691" started-at="2020-10-10T14:25:58Z" finished-at="2020-10-10T14:26:03Z">
          <reporter-output>
          </reporter-output>
        </test-method> <!-- test42 -->
        <test-method status="PASS" signature="tearDown()[pri:0, instance:com.santosh.JenkinsMavenProj.TestClass4@49fd9b]" name="tearDown" is-config="true" duration-ms="785" started-at="2020-10-10T14:26:03Z" finished-at="2020-10-10T14:26:04Z">
          <reporter-output>
          </reporter-output>
        </test-method> <!-- tearDown -->
      </class> <!-- com.santosh.JenkinsMavenProj.TestClass4 -->
    </test> <!-- Default test -->
  </suite> <!-- Default suite -->
</testng-results>
